{"/usr/src/app/controllers/vehicle.controller.js":{"path":"/usr/src/app/controllers/vehicle.controller.js","s":{"1":1,"2":1,"3":1,"4":2,"5":2,"6":1,"7":1,"8":1,"9":2,"10":2,"11":1,"12":1,"13":1,"14":3,"15":3,"16":1,"17":2,"18":1,"19":1,"20":1,"21":3,"22":3,"23":1,"24":2,"25":1,"26":1,"27":1,"28":3,"29":3,"30":1,"31":2,"32":1,"33":1,"34":1},"b":{"1":[1,1],"2":[1,1],"3":[1,2],"4":[1,1],"5":[1,2],"6":[1,1],"7":[1,2],"8":[1,1]},"f":{"1":2,"2":2,"3":2,"4":2,"5":3,"6":3,"7":3,"8":3,"9":3,"10":3},"fnMap":{"1":{"name":"(anonymous_1)","line":6,"loc":{"start":{"line":6,"column":20},"end":{"line":6,"column":40}}},"2":{"name":"(anonymous_2)","line":7,"loc":{"start":{"line":7,"column":36},"end":{"line":7,"column":60}}},"3":{"name":"(anonymous_3)","line":17,"loc":{"start":{"line":17,"column":19},"end":{"line":17,"column":39}}},"4":{"name":"(anonymous_4)","line":18,"loc":{"start":{"line":18,"column":28},"end":{"line":18,"column":53}}},"5":{"name":"(anonymous_5)","line":28,"loc":{"start":{"line":28,"column":17},"end":{"line":28,"column":43}}},"6":{"name":"(anonymous_6)","line":29,"loc":{"start":{"line":29,"column":43},"end":{"line":29,"column":67}}},"7":{"name":"(anonymous_7)","line":42,"loc":{"start":{"line":42,"column":21},"end":{"line":42,"column":41}}},"8":{"name":"(anonymous_8)","line":43,"loc":{"start":{"line":43,"column":52},"end":{"line":43,"column":76}}},"9":{"name":"(anonymous_9)","line":56,"loc":{"start":{"line":56,"column":20},"end":{"line":56,"column":40}}},"10":{"name":"(anonymous_10)","line":57,"loc":{"start":{"line":57,"column":77},"end":{"line":57,"column":101}}}},"statementMap":{"1":{"start":{"line":3,"column":0},"end":{"line":3,"column":51}},"2":{"start":{"line":4,"column":0},"end":{"line":4,"column":22}},"3":{"start":{"line":6,"column":0},"end":{"line":15,"column":2}},"4":{"start":{"line":7,"column":4},"end":{"line":14,"column":6}},"5":{"start":{"line":8,"column":8},"end":{"line":13,"column":9}},"6":{"start":{"line":9,"column":12},"end":{"line":9,"column":41}},"7":{"start":{"line":12,"column":12},"end":{"line":12,"column":37}},"8":{"start":{"line":17,"column":0},"end":{"line":26,"column":2}},"9":{"start":{"line":18,"column":4},"end":{"line":25,"column":6}},"10":{"start":{"line":19,"column":8},"end":{"line":24,"column":9}},"11":{"start":{"line":20,"column":12},"end":{"line":20,"column":41}},"12":{"start":{"line":23,"column":12},"end":{"line":23,"column":38}},"13":{"start":{"line":28,"column":0},"end":{"line":40,"column":2}},"14":{"start":{"line":29,"column":4},"end":{"line":39,"column":6}},"15":{"start":{"line":30,"column":8},"end":{"line":38,"column":9}},"16":{"start":{"line":31,"column":12},"end":{"line":31,"column":41}},"17":{"start":{"line":33,"column":13},"end":{"line":38,"column":9}},"18":{"start":{"line":34,"column":12},"end":{"line":34,"column":41}},"19":{"start":{"line":37,"column":12},"end":{"line":37,"column":37}},"20":{"start":{"line":42,"column":0},"end":{"line":54,"column":2}},"21":{"start":{"line":43,"column":4},"end":{"line":53,"column":6}},"22":{"start":{"line":44,"column":8},"end":{"line":52,"column":9}},"23":{"start":{"line":45,"column":12},"end":{"line":45,"column":41}},"24":{"start":{"line":47,"column":13},"end":{"line":52,"column":9}},"25":{"start":{"line":48,"column":12},"end":{"line":48,"column":41}},"26":{"start":{"line":51,"column":12},"end":{"line":51,"column":76}},"27":{"start":{"line":56,"column":0},"end":{"line":68,"column":2}},"28":{"start":{"line":57,"column":4},"end":{"line":67,"column":6}},"29":{"start":{"line":58,"column":8},"end":{"line":66,"column":9}},"30":{"start":{"line":59,"column":12},"end":{"line":59,"column":41}},"31":{"start":{"line":61,"column":13},"end":{"line":66,"column":9}},"32":{"start":{"line":62,"column":12},"end":{"line":62,"column":41}},"33":{"start":{"line":65,"column":12},"end":{"line":65,"column":37}},"34":{"start":{"line":70,"column":0},"end":{"line":70,"column":28}}},"branchMap":{"1":{"line":8,"type":"if","locations":[{"start":{"line":8,"column":8},"end":{"line":8,"column":8}},{"start":{"line":8,"column":8},"end":{"line":8,"column":8}}]},"2":{"line":19,"type":"if","locations":[{"start":{"line":19,"column":8},"end":{"line":19,"column":8}},{"start":{"line":19,"column":8},"end":{"line":19,"column":8}}]},"3":{"line":30,"type":"if","locations":[{"start":{"line":30,"column":8},"end":{"line":30,"column":8}},{"start":{"line":30,"column":8},"end":{"line":30,"column":8}}]},"4":{"line":33,"type":"if","locations":[{"start":{"line":33,"column":13},"end":{"line":33,"column":13}},{"start":{"line":33,"column":13},"end":{"line":33,"column":13}}]},"5":{"line":44,"type":"if","locations":[{"start":{"line":44,"column":8},"end":{"line":44,"column":8}},{"start":{"line":44,"column":8},"end":{"line":44,"column":8}}]},"6":{"line":47,"type":"if","locations":[{"start":{"line":47,"column":13},"end":{"line":47,"column":13}},{"start":{"line":47,"column":13},"end":{"line":47,"column":13}}]},"7":{"line":58,"type":"if","locations":[{"start":{"line":58,"column":8},"end":{"line":58,"column":8}},{"start":{"line":58,"column":8},"end":{"line":58,"column":8}}]},"8":{"line":61,"type":"if","locations":[{"start":{"line":61,"column":13},"end":{"line":61,"column":13}},{"start":{"line":61,"column":13},"end":{"line":61,"column":13}}]}}},"/usr/src/app/models/vehicle.model.js":{"path":"/usr/src/app/models/vehicle.model.js","s":{"1":1,"2":1,"3":1,"4":1},"b":{},"f":{},"fnMap":{},"statementMap":{"1":{"start":{"line":3,"column":0},"end":{"line":3,"column":37}},"2":{"start":{"line":4,"column":0},"end":{"line":4,"column":30}},"3":{"start":{"line":6,"column":0},"end":{"line":10,"column":3}},"4":{"start":{"line":12,"column":0},"end":{"line":12,"column":58}}},"branchMap":{}}}