TN:
SF:/usr/src/app/controllers/vehicle.controller.js
FN:6,(anonymous_1)
FN:7,(anonymous_2)
FN:17,(anonymous_3)
FN:18,(anonymous_4)
FN:28,(anonymous_5)
FN:29,(anonymous_6)
FN:42,(anonymous_7)
FN:43,(anonymous_8)
FN:56,(anonymous_9)
FN:57,(anonymous_10)
FNF:10
FNH:10
FNDA:2,(anonymous_1)
FNDA:2,(anonymous_2)
FNDA:2,(anonymous_3)
FNDA:2,(anonymous_4)
FNDA:3,(anonymous_5)
FNDA:3,(anonymous_6)
FNDA:3,(anonymous_7)
FNDA:3,(anonymous_8)
FNDA:3,(anonymous_9)
FNDA:3,(anonymous_10)
DA:3,1
DA:4,1
DA:6,1
DA:7,2
DA:8,2
DA:9,1
DA:12,1
DA:17,1
DA:18,2
DA:19,2
DA:20,1
DA:23,1
DA:28,1
DA:29,3
DA:30,3
DA:31,1
DA:33,2
DA:34,1
DA:37,1
DA:42,1
DA:43,3
DA:44,3
DA:45,1
DA:47,2
DA:48,1
DA:51,1
DA:56,1
DA:57,3
DA:58,3
DA:59,1
DA:61,2
DA:62,1
DA:65,1
DA:70,1
LF:34
LH:34
BRDA:8,1,0,1
BRDA:8,1,1,1
BRDA:19,2,0,1
BRDA:19,2,1,1
BRDA:30,3,0,1
BRDA:30,3,1,2
BRDA:33,4,0,1
BRDA:33,4,1,1
BRDA:44,5,0,1
BRDA:44,5,1,2
BRDA:47,6,0,1
BRDA:47,6,1,1
BRDA:58,7,0,1
BRDA:58,7,1,2
BRDA:61,8,0,1
BRDA:61,8,1,1
BRF:16
BRH:16
end_of_record
TN:
SF:/usr/src/app/models/vehicle.model.js
FNF:0
FNH:0
DA:3,1
DA:4,1
DA:6,1
DA:12,1
LF:4
LH:4
BRF:0
BRH:0
end_of_record
